What were my sales for yesterday?
What were my sales for last two years?
What were my sales for last two year?
List all online declined discover transactions for today.
List all online declined discover for today.
what were my sales for year 2021 as compared to year 2020?
How much settled was in 2020 versus 2021
How much settled was in 2020 versus 2021
How much settled was in 2020 
How many transactions settled in 2020
What were my sales for yesterday?
What were my sales for in January 2021?
What were my sales for yesterday?
What were my total sales for 2021?
What were my total sales for 2021?
What were my total sales for 2021?
What were my total sales for 2020?
What were my total sales for 2020?
What were my total sales for 2021?
What were my total sales in 2022?
What are my top 5 stores from where I am getting the most disputes?
What years of data do you have access to
What were my sales for yesterday?
How many transactions went to Visa and Mastercard for the last month?
How many transactions went to Visa and Mastercard for the 2023?
How many transactions went to Visa and Mastercard for the 2021?
How many transactions went to Visa and Mastercard for the 2020?
List all online declined discover transactions across your dataset.
What settled past week?
What was the total sale amount for transactions settled via debit networks?

Show me settlement summary by plan code for last week for swiped transactions?
What are my total deposits broken down by deposit type last week?
Which day was my highest funding?
What is the Fees to Deposit ratio for yesterdays bank deposit?
How many disputes over $100 do I have?
How many disputes over $100 do I have and across how many years?
What are my top 5 stores from where I am getting the most disputes?
What were my sales for yesterday?
How many transactions went to Visa and Mastercard for the last month?
What were my sales for yesterday?
What were my sales for yesterday?
What was the sales in 2020 compared to 2021?
What was the sales in 2020 compared to 2021?
What was the sales in 2020 compared to 2021?
What was the sales in 2020 compared to 2021?
What was the sales in 2020 compared to 2021?
What was the sales in 2020 compared to 2021?
What was the sales in 2020 compared to 2021?
What was the sales in 2020 compared to 2021?
What was the sales in 2020 compared to 2021?
What was the sales in 2020 compared to 2021?
What was the sales in 2020 compared to 2021?
What was the sales in 2020 compared to 2021?
What was the sales in 2020 compared to 2021?
What was the sales in 2020 compared to 2021?
What was the sales in 2020 compared to 2021?
What was the sales in 2020 compared to 2021?
What was the sales in each years? show a comparative growth
What was the sales in each years?
What is the Win to Loss ratio on disputes last year?
What were my sales for yesterday?
What is the approval rate for last 2 weeks?
How many transactions went to Visa and Mastercard for the last month?
List all online declined discover transactions for today.
What settled past week?
What was the total sale amount for transactions settled via debit networks?

Show me settlement summary by plan code for last week for swiped transactions?
What are my total deposits broken down by deposit type last week?
Which day within the last month was my highest funding?
What is the Fees to Deposit ratio for yesterdays bank deposit?
What is the Win to Loss ratio on disputes last month?
How many disputes over $100 do I have?
What are my top 5 stores from where I am getting the most disputes?
What is the Win to Loss ratio on disputes last year?
What is the Win to Loss ratio on disputes last year?
What is the Win to Loss ratio on disputes last year?
What is the Win to Loss ratio on disputes last year?
What were my sales for yesterday?
What is the approval rate for last 2 weeks?
How many transactions went to Visa and Mastercard for the last month?
List all online declined discover transactions for today.
What settled past week?
What was the total sale amount for transactions settled via debit networks?

Show me settlement summary by plan code for last week for swiped transactions?
What are my total deposits broken down by deposit type last week?
Which day within the last month was my highest funding?
What is the Fees to Deposit ratio for yesterdays bank deposit?
What is the Win to Loss ratio on disputes last month?
How many disputes over $100 do I have?
What are my top 5 stores from where I am getting the most disputes?
What is the Win to Loss ratio on disputes last year?
What were my sales for yesterday?
What were my sales for yesterday?
What is the approval rate for last 2 weeks?
How many transactions went to Visa and Mastercard for the last month?
List all online declined discover transactions for today.
What settled past week?
What was the total sale amount for transactions settled via debit networks?

Show me settlement summary by plan code for last week for swiped transactions?
What are my total deposits broken down by deposit type last week?
Which day within the last month was my highest funding?
What is the Fees to Deposit ratio for yesterdays bank deposit?
What is the Win to Loss ratio on disputes last month?
How many disputes over $100 do I have?
What are my top 5 stores from where I am getting the most disputes?
What were my sales in 2022 compared to 2020
What were my sales in 2022 compared to 2020
What were my sales for yesterday?
What is the approval rate for last 2 weeks?
How many transactions went to Visa and Mastercard for the last month?
List all online declined discover transactions for today.
What settled past week?
What was the total sale amount for transactions settled via debit networks?

Show me settlement summary by plan code for last week for swiped transactions?
What are my total deposits broken down by deposit type last week?
Which day within the last month was my highest funding?
What is the Fees to Deposit ratio for yesterdays bank deposit?
What is the Win to Loss ratio on disputes last month?
How many disputes over $100 do I have?
What are my top 5 stores from where I am getting the most disputes?
What were my sales in 2022 compared to 2020
What were my sales for yesterday?
What is the approval rate for last 2 weeks?
How many transactions went to Visa and Mastercard for the last month?
List all online declined discover transactions for today.
What settled past week?
What was the total sale amount for transactions settled via debit networks?

Show me settlement summary by plan code for last week for swiped transactions?
What are my total deposits broken down by deposit type last week?
Which day within the last month was my highest funding?
What is the Fees to Deposit ratio for yesterdays bank deposit?
What is the Win to Loss ratio on disputes last month?
How many disputes over $100 do I have?
What are my top 5 stores from where I am getting the most disputes?
What were my sales in 2022 compared to 2020
What were my sales in 2022 compared to 2020
What were my sales in 2022 compared to 2020
